RENDER:  False
RENDER:  False
RENDER:  False
RENDER:  False
RENDER:  False
RENDER:  False

ENV PARAMS:  {'obs': 25, 'goal': 3, 'action': 4, 'action_max': 1.0, 'max_timesteps': 50} 


SEED:  13 

SAMPLE ENV:  {'observation': array([ 1.34193265e+00,  7.49100375e-01,  5.34722720e-01,  1.25470491e+00,
        6.00719898e-01,  4.24702091e-01, -8.72277331e-02, -1.48380476e-01,
       -1.10020629e-01,  2.91834773e-06, -4.72661656e-08, -3.85214084e-07,
        5.92637053e-07,  1.12208536e-13, -7.74656889e-06, -7.65027248e-08,
        4.92570535e-05,  1.88857148e-07, -2.90549459e-07, -1.18156686e-18,
        7.73934983e-06,  7.18103404e-08, -2.42928780e-06,  4.93607091e-07,
        1.70999820e-07]), 'achieved_goal': array([1.25470491, 0.6007199 , 0.42470209]), 'desired_goal': array([1.37011238, 0.77102179, 0.87382611])}

ENV PARAMS:  {'obs': 25, 'goal': 3, 'action': 4, 'action_max': 1.0, 'max_timesteps': 50} 


SEED:  15 

SAMPLE ENV:  {'observation': array([ 1.34193265e+00,  7.49100375e-01,  5.34722720e-01,  1.22535606e+00,
        6.01150407e-01,  4.24702091e-01, -1.16576591e-01, -1.47949968e-01,
       -1.10020629e-01,  2.91834773e-06, -4.72661656e-08, -3.85214084e-07,
        5.92637053e-07,  1.12208536e-13, -7.74656889e-06, -7.65027248e-08,
        4.92570535e-05,  1.88857148e-07, -2.90549459e-07, -1.18156686e-18,
        7.73934983e-06,  7.18103404e-08, -2.42928780e-06,  4.93607091e-07,
        1.70999820e-07]), 'achieved_goal': array([1.22535606, 0.60115041, 0.42470209]), 'desired_goal': array([1.28225398, 0.84109531, 0.42469975])}

ENV PARAMS:  {'obs': 25, 'goal': 3, 'action': 4, 'action_max': 1.0, 'max_timesteps': 50} 


SEED:  16 

SAMPLE ENV:  {'observation': array([ 1.34193265e+00,  7.49100375e-01,  5.34722720e-01,  1.29789311e+00,
        6.21991439e-01,  4.24702091e-01, -4.40395327e-02, -1.27108935e-01,
       -1.10020629e-01,  2.91834773e-06, -4.72661656e-08, -3.85214084e-07,
        5.92637053e-07,  1.12208536e-13, -7.74656889e-06, -7.65027248e-08,
        4.92570535e-05,  1.88857148e-07, -2.90549459e-07, -1.18156686e-18,
        7.73934983e-06,  7.18103404e-08, -2.42928780e-06,  4.93607091e-07,
        1.70999820e-07]), 'achieved_goal': array([1.29789311, 0.62199144, 0.42470209]), 'desired_goal': array([1.25416849, 0.8091203 , 0.42469975])}

ENV PARAMS:  {'obs': 25, 'goal': 3, 'action': 4, 'action_max': 1.0, 'max_timesteps': 50} 


SEED:  12 

SAMPLE ENV:  {'observation': array([ 1.34193265e+00,  7.49100375e-01,  5.34722720e-01,  1.39504461e+00,
        6.15513447e-01,  4.24702091e-01,  5.31119613e-02, -1.33586928e-01,
       -1.10020629e-01,  2.91834773e-06, -4.72661656e-08, -3.85214084e-07,
        5.92637053e-07,  1.12208536e-13, -7.74656889e-06, -7.65027248e-08,
        4.92570535e-05,  1.88857148e-07, -2.90549459e-07, -1.18156686e-18,
        7.73934983e-06,  7.18103404e-08, -2.42928780e-06,  4.93607091e-07,
        1.70999820e-07]), 'achieved_goal': array([1.39504461, 0.61551345, 0.42470209]), 'desired_goal': array([1.31545478, 0.74241328, 0.83561592])}

ENV PARAMS:  {'obs': 25, 'goal': 3, 'action': 4, 'action_max': 1.0, 'max_timesteps': 50} 


SEED:  11 

SAMPLE ENV:  {'observation': array([ 1.34193265e+00,  7.49100375e-01,  5.34722720e-01,  1.43927126e+00,
        6.32094513e-01,  4.24702091e-01,  9.73386086e-02, -1.17005862e-01,
       -1.10020629e-01,  2.91834773e-06, -4.72661656e-08, -3.85214084e-07,
        5.92637053e-07,  1.12208536e-13, -7.74656889e-06, -7.65027248e-08,
        4.92570535e-05,  1.88857148e-07, -2.90549459e-07, -1.18156686e-18,
        7.73934983e-06,  7.18103404e-08, -2.42928780e-06,  4.93607091e-07,
        1.70999820e-07]), 'achieved_goal': array([1.43927126, 0.63209451, 0.42470209]), 'desired_goal': array([1.26466369, 0.82045793, 0.42469975])}

ENV PARAMS:  {'obs': 25, 'goal': 3, 'action': 4, 'action_max': 1.0, 'max_timesteps': 50} 


SEED:  14 

SAMPLE ENV:  {'observation': array([ 1.34193265e+00,  7.49100375e-01,  5.34722720e-01,  1.42099912e+00,
        8.69322934e-01,  4.24702091e-01,  7.90664728e-02,  1.20222560e-01,
       -1.10020629e-01,  2.91834773e-06, -4.72661656e-08, -3.85214084e-07,
        5.92637053e-07,  1.12208536e-13, -7.74656889e-06, -7.65027248e-08,
        4.92570535e-05,  1.88857148e-07, -2.90549459e-07, -1.18156686e-18,
        7.73934983e-06,  7.18103404e-08, -2.42928780e-06,  4.93607091e-07,
        1.70999820e-07]), 'achieved_goal': array([1.42099912, 0.86932293, 0.42470209]), 'desired_goal': array([1.26003481, 0.67818522, 0.42469975])}
[2023-04-07 00:57:48.847106] epoch is: 0, eval success rate is: 0.017
[2023-04-07 00:59:19.257729] epoch is: 1, eval success rate is: 0.050
[2023-04-07 01:01:10.857348] epoch is: 2, eval success rate is: 0.017
[2023-04-07 01:02:54.831869] epoch is: 3, eval success rate is: 0.083
[2023-04-07 01:04:50.061856] epoch is: 4, eval success rate is: 0.050
[2023-04-07 01:06:32.347039] epoch is: 5, eval success rate is: 0.033
[2023-04-07 01:08:25.792487] epoch is: 6, eval success rate is: 0.117
[2023-04-07 01:10:36.508895] epoch is: 7, eval success rate is: 0.100
[2023-04-07 01:12:31.963260] epoch is: 8, eval success rate is: 0.083
[2023-04-07 01:14:14.019598] epoch is: 9, eval success rate is: 0.067
[2023-04-07 01:16:06.941205] epoch is: 10, eval success rate is: 0.117
[2023-04-07 01:18:08.425595] epoch is: 11, eval success rate is: 0.167
[2023-04-07 01:20:15.082827] epoch is: 12, eval success rate is: 0.283
[2023-04-07 01:22:12.088472] epoch is: 13, eval success rate is: 0.333
[2023-04-07 01:24:08.827814] epoch is: 14, eval success rate is: 0.367
[2023-04-07 01:25:59.693771] epoch is: 15, eval success rate is: 0.333
[2023-04-07 01:27:44.220606] epoch is: 16, eval success rate is: 0.433
[2023-04-07 01:29:26.444017] epoch is: 17, eval success rate is: 0.433
[2023-04-07 01:31:09.728892] epoch is: 18, eval success rate is: 0.467
[2023-04-07 01:32:52.297670] epoch is: 19, eval success rate is: 0.633
[2023-04-07 01:34:34.747028] epoch is: 20, eval success rate is: 0.617
[2023-04-07 01:36:17.550118] epoch is: 21, eval success rate is: 0.600
[2023-04-07 01:38:00.279732] epoch is: 22, eval success rate is: 0.583
[2023-04-07 01:39:45.557279] epoch is: 23, eval success rate is: 0.600
[2023-04-07 01:41:33.169638] epoch is: 24, eval success rate is: 0.517
[2023-04-07 01:43:30.266006] epoch is: 25, eval success rate is: 0.500
[2023-04-07 01:45:40.069646] epoch is: 26, eval success rate is: 0.650
[2023-04-07 01:47:41.460335] epoch is: 27, eval success rate is: 0.733
[2023-04-07 01:49:26.238199] epoch is: 28, eval success rate is: 0.683
[2023-04-07 01:51:10.032612] epoch is: 29, eval success rate is: 0.717
[2023-04-07 01:53:18.074296] epoch is: 30, eval success rate is: 0.700
[2023-04-07 01:55:29.204800] epoch is: 31, eval success rate is: 0.767
[2023-04-07 01:57:43.338829] epoch is: 32, eval success rate is: 0.767
[2023-04-07 01:59:49.653445] epoch is: 33, eval success rate is: 0.800
[2023-04-07 02:01:44.398585] epoch is: 34, eval success rate is: 0.733
[2023-04-07 02:03:34.438783] epoch is: 35, eval success rate is: 0.750
[2023-04-07 02:05:23.111167] epoch is: 36, eval success rate is: 0.883
[2023-04-07 02:07:11.705579] epoch is: 37, eval success rate is: 0.900
[2023-04-07 02:09:00.737104] epoch is: 38, eval success rate is: 0.867
[2023-04-07 02:10:50.162071] epoch is: 39, eval success rate is: 0.800
[2023-04-07 02:12:46.301798] epoch is: 40, eval success rate is: 0.950
[2023-04-07 02:14:50.422209] epoch is: 41, eval success rate is: 0.933
[2023-04-07 02:16:43.072068] epoch is: 42, eval success rate is: 0.783
[2023-04-07 02:18:33.163430] epoch is: 43, eval success rate is: 0.900
[2023-04-07 02:20:27.285571] epoch is: 44, eval success rate is: 0.950
[2023-04-07 02:22:17.705002] epoch is: 45, eval success rate is: 0.900
[2023-04-07 02:24:08.726500] epoch is: 46, eval success rate is: 0.983
[2023-04-07 02:26:01.801362] epoch is: 47, eval success rate is: 0.833
[2023-04-07 02:27:58.406043] epoch is: 48, eval success rate is: 0.867
[2023-04-07 02:30:01.335048] epoch is: 49, eval success rate is: 0.850
