RENDER:  False
RENDER:  False
RENDER:  False
RENDER:  False
RENDER:  False
RENDER:  False

ENV PARAMS:  {'obs': 25, 'goal': 3, 'action': 4, 'action_max': 1.0, 'max_timesteps': 50} 


SEED:  16 

SAMPLE ENV:  {'observation': array([ 1.34782473e+00,  7.48951529e-01,  4.13637614e-01,  1.22076055e+00,
        6.61185711e-01,  4.24702091e-01, -1.27064182e-01, -8.77658187e-02,
        1.10644764e-02, -1.50186348e-06,  1.24443593e-03, -3.85214084e-07,
        5.92637053e-07,  1.13569317e-13,  8.95029727e-04, -4.10490913e-05,
        4.90967749e-05,  1.88857148e-07, -2.90549459e-07,  4.01961762e-18,
       -8.95036946e-04,  4.10443989e-05, -2.26900915e-06,  3.77638244e-07,
        4.38184449e-05]), 'achieved_goal': array([1.22076055, 0.66118571, 0.42470209]), 'desired_goal': array([1.40788941, 0.86770823, 0.42469975])}

ENV PARAMS:  {'obs': 25, 'goal': 3, 'action': 4, 'action_max': 1.0, 'max_timesteps': 50} 


SEED:  11 

SAMPLE ENV:  {'observation': array([ 1.34782473e+00,  7.48951529e-01,  4.13637614e-01,  1.47467241e+00,
        7.48224370e-01,  4.24702091e-01,  1.26847675e-01, -7.27159135e-04,
        1.10644764e-02, -1.50186348e-06,  1.24443593e-03, -3.85214084e-07,
        5.92637053e-07,  1.13569317e-13,  8.95029727e-04, -4.10490913e-05,
        4.90967749e-05,  1.88857148e-07, -2.90549459e-07,  4.01961762e-18,
       -8.95036946e-04,  4.10443989e-05, -2.26900915e-06,  3.77638244e-07,
        4.38184449e-05]), 'achieved_goal': array([1.47467241, 0.74822437, 0.42470209]), 'desired_goal': array([1.37558357, 0.84628847, 0.42469975])}

ENV PARAMS:  {'obs': 25, 'goal': 3, 'action': 4, 'action_max': 1.0, 'max_timesteps': 50} 


SEED:  13 

SAMPLE ENV:  {'observation': array([ 1.34782473e+00,  7.48951529e-01,  4.13637614e-01,  1.43541729e+00,
        6.61722130e-01,  4.24702091e-01,  8.75925577e-02, -8.72293987e-02,
        1.10644764e-02, -1.50186348e-06,  1.24443593e-03, -3.85214084e-07,
        5.92637053e-07,  1.13569317e-13,  8.95029727e-04, -4.10490913e-05,
        4.90967749e-05,  1.88857148e-07, -2.90549459e-07,  4.01961762e-18,
       -8.95036946e-04,  4.10443989e-05, -2.26900915e-06,  3.77638244e-07,
        4.38184449e-05]), 'achieved_goal': array([1.43541729, 0.66172213, 0.42470209]), 'desired_goal': array([1.19948901, 0.77712959, 0.42469975])}

ENV PARAMS:  {'obs': 25, 'goal': 3, 'action': 4, 'action_max': 1.0, 'max_timesteps': 50} 


SEED:  12 

SAMPLE ENV:  {'observation': array([ 1.34782473e+00,  7.48951529e-01,  4.13637614e-01,  1.21428256e+00,
        7.22472000e-01,  4.24702091e-01, -1.33542175e-01, -2.64795295e-02,
        1.10644764e-02, -1.50186348e-06,  1.24443593e-03, -3.85214084e-07,
        5.92637053e-07,  1.13569317e-13,  8.95029727e-04, -4.10490913e-05,
        4.90967749e-05,  1.88857148e-07, -2.90549459e-07,  4.01961762e-18,
       -8.95036946e-04,  4.10443989e-05, -2.26900915e-06,  3.77638244e-07,
        4.38184449e-05]), 'achieved_goal': array([1.21428256, 0.722472  , 0.42470209]), 'desired_goal': array([1.34118239, 0.70608976, 0.42469975])}

ENV PARAMS:  {'obs': 25, 'goal': 3, 'action': 4, 'action_max': 1.0, 'max_timesteps': 50} 


SEED:  14 

SAMPLE ENV:  {'observation': array([ 1.34782473e+00,  7.48951529e-01,  4.13637614e-01,  1.43794463e+00,
        8.39242473e-01,  4.24702091e-01,  9.01198943e-02,  9.02909443e-02,
        1.10644764e-02, -1.50186348e-06,  1.24443593e-03, -3.85214084e-07,
        5.92637053e-07,  1.13569317e-13,  8.95029727e-04, -4.10490913e-05,
        4.90967749e-05,  1.88857148e-07, -2.90549459e-07,  4.01961762e-18,
       -8.95036946e-04,  4.10443989e-05, -2.26900915e-06,  3.77638244e-07,
        4.38184449e-05]), 'achieved_goal': array([1.43794463, 0.83924247, 0.42470209]), 'desired_goal': array([1.38401619, 0.82801634, 0.42469975])}

ENV PARAMS:  {'obs': 25, 'goal': 3, 'action': 4, 'action_max': 1.0, 'max_timesteps': 50} 


SEED:  15 

SAMPLE ENV:  {'observation': array([ 1.34782473e+00,  7.48951529e-01,  4.13637614e-01,  1.23129328e+00,
        6.00999513e-01,  4.24702091e-01, -1.16531455e-01, -1.47952017e-01,
        1.10644764e-02, -1.50186348e-06,  1.24443593e-03, -3.85214084e-07,
        5.92637053e-07,  1.13569317e-13,  8.95029727e-04, -4.10490913e-05,
        4.90967749e-05,  1.88857148e-07, -2.90549459e-07,  4.01961762e-18,
       -8.95036946e-04,  4.10443989e-05, -2.26900915e-06,  3.77638244e-07,
        4.38184449e-05]), 'achieved_goal': array([1.23129328, 0.60099951, 0.42470209]), 'desired_goal': array([1.28819121, 0.84094442, 0.42469975])}
[2023-04-06 17:30:28.064028] epoch is: 0, eval success rate is: 0.050
[2023-04-06 17:31:51.638337] epoch is: 1, eval success rate is: 0.033
[2023-04-06 17:33:13.368250] epoch is: 2, eval success rate is: 0.083
[2023-04-06 17:34:35.863971] epoch is: 3, eval success rate is: 0.067
[2023-04-06 17:36:01.134007] epoch is: 4, eval success rate is: 0.133
[2023-04-06 17:37:24.807471] epoch is: 5, eval success rate is: 0.067
[2023-04-06 17:38:52.474634] epoch is: 6, eval success rate is: 0.083
[2023-04-06 17:40:16.639918] epoch is: 7, eval success rate is: 0.117
[2023-04-06 17:41:43.203863] epoch is: 8, eval success rate is: 0.150
[2023-04-06 17:43:10.852379] epoch is: 9, eval success rate is: 0.067
[2023-04-06 17:44:35.972472] epoch is: 10, eval success rate is: 0.183
[2023-04-06 17:46:02.477513] epoch is: 11, eval success rate is: 0.283
[2023-04-06 17:47:43.319432] epoch is: 12, eval success rate is: 0.500
[2023-04-06 17:49:29.787104] epoch is: 13, eval success rate is: 0.467
[2023-04-06 17:51:19.608227] epoch is: 14, eval success rate is: 0.650
[2023-04-06 17:53:02.840299] epoch is: 15, eval success rate is: 0.833
[2023-04-06 17:55:02.584598] epoch is: 16, eval success rate is: 0.900
[2023-04-06 17:56:54.931929] epoch is: 17, eval success rate is: 0.900
[2023-04-06 17:58:37.769818] epoch is: 18, eval success rate is: 0.950
[2023-04-06 18:00:27.244674] epoch is: 19, eval success rate is: 0.983
[2023-04-06 18:02:10.226291] epoch is: 20, eval success rate is: 1.000
[2023-04-06 18:03:53.610844] epoch is: 21, eval success rate is: 0.950
[2023-04-06 18:05:36.688775] epoch is: 22, eval success rate is: 0.983
[2023-04-06 18:07:32.665600] epoch is: 23, eval success rate is: 0.983
[2023-04-06 18:09:20.905087] epoch is: 24, eval success rate is: 0.983
[2023-04-06 18:11:21.128387] epoch is: 25, eval success rate is: 0.983
[2023-04-06 18:13:06.049089] epoch is: 26, eval success rate is: 1.000
[2023-04-06 18:14:59.870527] epoch is: 27, eval success rate is: 1.000
[2023-04-06 18:17:01.581712] epoch is: 28, eval success rate is: 0.983
[2023-04-06 18:18:50.102152] epoch is: 29, eval success rate is: 1.000
[2023-04-06 18:20:24.218144] epoch is: 30, eval success rate is: 0.983
[2023-04-06 18:21:51.151131] epoch is: 31, eval success rate is: 0.967
[2023-04-06 18:23:34.747147] epoch is: 32, eval success rate is: 1.000
[2023-04-06 18:25:24.845236] epoch is: 33, eval success rate is: 1.000
[2023-04-06 18:27:24.714723] epoch is: 34, eval success rate is: 0.983
[2023-04-06 18:29:19.358058] epoch is: 35, eval success rate is: 0.983
[2023-04-06 18:31:23.684383] epoch is: 36, eval success rate is: 1.000
[2023-04-06 18:33:27.347815] epoch is: 37, eval success rate is: 0.983
[2023-04-06 18:35:21.024764] epoch is: 38, eval success rate is: 1.000
[2023-04-06 18:37:13.044240] epoch is: 39, eval success rate is: 1.000
[2023-04-06 18:39:05.335647] epoch is: 40, eval success rate is: 0.967
[2023-04-06 18:41:09.923087] epoch is: 41, eval success rate is: 1.000
[2023-04-06 18:43:12.802187] epoch is: 42, eval success rate is: 0.983
[2023-04-06 18:45:07.761721] epoch is: 43, eval success rate is: 1.000
[2023-04-06 18:47:06.609008] epoch is: 44, eval success rate is: 0.983
[2023-04-06 18:49:07.497501] epoch is: 45, eval success rate is: 0.983
[2023-04-06 18:50:55.346248] epoch is: 46, eval success rate is: 1.000
[2023-04-06 18:52:37.253118] epoch is: 47, eval success rate is: 1.000
[2023-04-06 18:54:13.951579] epoch is: 48, eval success rate is: 1.000
[2023-04-06 18:55:56.378411] epoch is: 49, eval success rate is: 1.000
