RENDER:  False
Task id: KukaReachParallelGripSparseReward-v0
pybullet build time: Oct  8 2020 00:11:27
b3Warning[examples/SharedMemory/PhysicsServerCommandProcessor.cpp,9266]:
CMD_CREATE_SENSOR: cannot perform sensor removal request, no sensor on joint [7]ENV PARAMS:  {'obs': 3, 'goal': 3, 'action': 3, 'action_max': 1.0, 'max_timesteps': 50} 

[2023-03-16 16:52:14.544425] epoch is: 0, eval success rate is: 0.000
[2023-03-16 16:53:32.534488] epoch is: 1, eval success rate is: 0.200
[2023-03-16 16:54:49.894322] epoch is: 2, eval success rate is: 0.100
[2023-03-16 16:56:07.099058] epoch is: 3, eval success rate is: 0.900
[2023-03-16 16:57:24.588923] epoch is: 4, eval success rate is: 0.900
[2023-03-16 16:58:41.953105] epoch is: 5, eval success rate is: 1.000
[2023-03-16 16:59:59.305338] epoch is: 6, eval success rate is: 1.000
[2023-03-16 17:01:16.616405] epoch is: 7, eval success rate is: 1.000
[2023-03-16 17:02:33.989339] epoch is: 8, eval success rate is: 1.000
[2023-03-16 17:03:51.998655] epoch is: 9, eval success rate is: 1.000
[2023-03-16 17:05:10.185052] epoch is: 10, eval success rate is: 1.000
[2023-03-16 17:06:28.322814] epoch is: 11, eval success rate is: 1.000
[2023-03-16 17:07:46.535801] epoch is: 12, eval success rate is: 1.000
[2023-03-16 17:09:04.550618] epoch is: 13, eval success rate is: 1.000
[2023-03-16 17:10:23.187805] epoch is: 14, eval success rate is: 1.000
[2023-03-16 17:11:41.643621] epoch is: 15, eval success rate is: 1.000
[2023-03-16 17:12:59.803514] epoch is: 16, eval success rate is: 1.000
[2023-03-16 17:14:17.987616] epoch is: 17, eval success rate is: 1.000
[2023-03-16 17:15:36.358261] epoch is: 18, eval success rate is: 1.000
[2023-03-16 17:16:54.751557] epoch is: 19, eval success rate is: 1.000
[2023-03-16 17:18:13.282143] epoch is: 20, eval success rate is: 1.000
[2023-03-16 17:19:31.699263] epoch is: 21, eval success rate is: 1.000
[2023-03-16 17:20:50.307807] epoch is: 22, eval success rate is: 1.000
[2023-03-16 17:22:08.866407] epoch is: 23, eval success rate is: 1.000
[2023-03-16 17:23:27.688141] epoch is: 24, eval success rate is: 1.000
[2023-03-16 17:24:46.944791] epoch is: 25, eval success rate is: 1.000
[2023-03-16 17:26:06.215580] epoch is: 26, eval success rate is: 1.000
[2023-03-16 17:27:25.928060] epoch is: 27, eval success rate is: 1.000
[2023-03-16 17:28:46.084652] epoch is: 28, eval success rate is: 1.000
[2023-03-16 17:30:06.859463] epoch is: 29, eval success rate is: 1.000
[2023-03-16 17:31:29.300415] epoch is: 30, eval success rate is: 1.000
[2023-03-16 17:32:53.073656] epoch is: 31, eval success rate is: 1.000
[2023-03-16 17:34:18.393926] epoch is: 32, eval success rate is: 1.000
[2023-03-16 17:35:45.353653] epoch is: 33, eval success rate is: 1.000
[2023-03-16 17:37:14.016661] epoch is: 34, eval success rate is: 1.000
[2023-03-16 17:38:43.939210] epoch is: 35, eval success rate is: 1.000
[2023-03-16 17:40:14.737488] epoch is: 36, eval success rate is: 1.000
[2023-03-16 17:41:46.137820] epoch is: 37, eval success rate is: 1.000
[2023-03-16 17:43:17.998089] epoch is: 38, eval success rate is: 1.000
[2023-03-16 17:44:50.429104] epoch is: 39, eval success rate is: 1.000
[2023-03-16 17:46:23.146784] epoch is: 40, eval success rate is: 1.000
[2023-03-16 17:47:56.047596] epoch is: 41, eval success rate is: 1.000
[2023-03-16 17:49:29.580961] epoch is: 42, eval success rate is: 1.000
[2023-03-16 17:51:03.421162] epoch is: 43, eval success rate is: 1.000
[2023-03-16 17:52:37.314042] epoch is: 44, eval success rate is: 1.000
[2023-03-16 17:54:11.455364] epoch is: 45, eval success rate is: 1.000
[2023-03-16 17:55:45.764073] epoch is: 46, eval success rate is: 1.000
[2023-03-16 17:57:20.311552] epoch is: 47, eval success rate is: 1.000
[2023-03-16 17:58:54.753804] epoch is: 48, eval success rate is: 1.000
[2023-03-16 18:00:29.375725] epoch is: 49, eval success rate is: 1.000
